  Moc'ing mainwindow.h...
  Moc'ing resourcebrowser.h...
  Moc'ing styles.h...
  Moc'ing timeline.h...
  Moc'ing timelineeditor.h...
  Moc'ing timer.h...
  Generate moc_predefs.h
  Rcc'ing resources.qrc...
  moc_mainwindow.cpp
  moc_resourcebrowser.cpp
  moc_styles.cpp
  moc_timeline.cpp
  moc_timelineeditor.cpp
  moc_timer.cpp
  main.cpp
  mainwindow.cpp
  resourcebrowser.cpp
  styles.cpp
  timeline.cpp
  timelineeditor.cpp
  timer.cpp
  Generating Code...
  qrc_resources.cpp
  SoundAudio.vcxproj -> C:\Users\Ronald\Projects\sound-audio\debug\SoundAudio.exe
  SoundAudio.vcxproj -> debug\SoundAudio.pdb (Full PDB)
