c:\users\ronald\projects\sound-audio\x64\debug\vc140.pdb
c:\users\ronald\projects\sound-audio\x64\debug\timelineeditor.obj
c:\users\ronald\projects\sound-audio\x64\debug\timeline.obj
c:\users\ronald\projects\sound-audio\x64\debug\styles.obj
c:\users\ronald\projects\sound-audio\x64\debug\resourcebrowser.obj
c:\users\ronald\projects\sound-audio\x64\debug\qaudiolevel.obj
c:\users\ronald\projects\sound-audio\x64\debug\projectsettings.obj
c:\users\ronald\projects\sound-audio\x64\debug\project.obj
c:\users\ronald\projects\sound-audio\x64\debug\mainwindow.obj
c:\users\ronald\projects\sound-audio\x64\debug\main.obj
c:\users\ronald\projects\sound-audio\x64\debug\moc_trackcontrolstimeline.obj
c:\users\ronald\projects\sound-audio\x64\debug\moc_track.obj
c:\users\ronald\projects\sound-audio\x64\debug\moc_timer.obj
c:\users\ronald\projects\sound-audio\x64\debug\moc_timelineeditor.obj
c:\users\ronald\projects\sound-audio\x64\debug\moc_timeline.obj
c:\users\ronald\projects\sound-audio\x64\debug\moc_styles.obj
c:\users\ronald\projects\sound-audio\x64\debug\moc_resourcebrowser.obj
c:\users\ronald\projects\sound-audio\x64\debug\moc_qaudiolevel.obj
c:\users\ronald\projects\sound-audio\x64\debug\moc_projectsettings.obj
c:\users\ronald\projects\sound-audio\x64\debug\moc_project.obj
c:\users\ronald\projects\sound-audio\x64\debug\moc_mainwindow.obj
c:\users\ronald\projects\sound-audio\x64\debug\trackcontrolstimeline.obj
c:\users\ronald\projects\sound-audio\x64\debug\track.obj
c:\users\ronald\projects\sound-audio\x64\debug\timer.obj
c:\users\ronald\projects\sound-audio\x64\debug\timelineticksegment.obj
c:\users\ronald\projects\sound-audio\x64\debug\timelinemarker.obj
c:\users\ronald\projects\sound-audio\x64\debug\qrc_resources.obj
c:\users\ronald\projects\sound-audio\debug\moc_mainwindow.cpp
c:\users\ronald\projects\sound-audio\debug\moc_resourcebrowser.cpp
c:\users\ronald\projects\sound-audio\debug\moc_styles.cpp
c:\users\ronald\projects\sound-audio\debug\moc_timeline.cpp
c:\users\ronald\projects\sound-audio\debug\moc_timelineeditor.cpp
c:\users\ronald\projects\sound-audio\debug\moc_timer.cpp
c:\users\ronald\projects\sound-audio\generatedfiles\qrc_resources.cpp
c:\users\ronald\projects\sound-audio\debug\moc_trackcontrolstimeline.cpp
c:\users\ronald\projects\sound-audio\debug\moc_project.cpp
c:\users\ronald\projects\sound-audio\debug\moc_projectsettings.cpp
c:\users\ronald\projects\sound-audio\debug\moc_qaudiolevel.cpp
c:\users\ronald\projects\sound-audio\debug\moc_track.cpp
c:\users\ronald\projects\sound-audio\debug\moc_predefs.h
c:\users\ronald\projects\sound-audio\x64\debug\soundaudio.tlog\cl.command.1.tlog
c:\users\ronald\projects\sound-audio\x64\debug\soundaudio.tlog\cl.read.1.tlog
c:\users\ronald\projects\sound-audio\x64\debug\soundaudio.tlog\cl.write.1.tlog
c:\users\ronald\projects\sound-audio\x64\debug\soundaudio.tlog\custombuild.command.1.tlog
c:\users\ronald\projects\sound-audio\x64\debug\soundaudio.tlog\custombuild.read.1.tlog
c:\users\ronald\projects\sound-audio\x64\debug\soundaudio.tlog\custombuild.write.1.tlog
c:\users\ronald\projects\sound-audio\x64\debug\soundaudio.tlog\link.command.1.tlog
c:\users\ronald\projects\sound-audio\x64\debug\soundaudio.tlog\link.read.1.tlog
c:\users\ronald\projects\sound-audio\x64\debug\soundaudio.tlog\link.write.1.tlog
